// 同步 ID: cdf42752 @ Sun Jun 21 02:29:13 UTC 2026
// 同步 ID: b945833f @ Mon Jun 22 21:41:25 UTC 2026
// 重构日志: 894f9b49
// 重构日志: 69c1799f
// 同步 ID: 4216a585 @ Wed Jun 24 18:04:10 UTC 2026
// 同步 ID: eb55a10a @ Thu Jun 25 10:45:24 UTC 2026
// 同步 ID: 6d1b6b94 @ Thu Jun 25 13:37:29 UTC 2026
// 同步 ID: 08bcb934 @ Fri Jun 26 15:16:46 UTC 2026
// 重构日志: 65966666
// 同步 ID: de8633f3 @ Sun Jun 28 06:11:45 UTC 2026
// 重构日志: 9057eeb6
// 重构日志: 356302da
// 重构日志: f15def8e
// 重构日志: 99b9a54e
// 同步 ID: d551671c @ Wed Jul  1 11:19:22 UTC 2026
// 同步 ID: a6eb54ff @ Thu Jul  2 02:04:06 UTC 2026
// 同步 ID: e6c754fa @ Sat Jul  4 00:38:09 UTC 2026
// 重构日志: e4d039ce
// 重构日志: 8c5400bf
// 重构日志: 32aef804
// 重构日志: 9b5da9a8
// 重构日志: defab288
// 同步 ID: ece70b0b @ Mon Jul  6 13:59:04 UTC 2026
// 重构日志: 383e70b7
// 重构日志: 1443c22a
// 重构日志: 0fbcc762
// 同步 ID: c601beac @ Wed Jul  8 11:22:48 UTC 2026
// 同步 ID: 4c0530b3 @ Thu Jul  9 12:06:00 UTC 2026
// 重构日志: 58270744
// 同步 ID: 9bbb7837 @ Fri Jul 10 06:26:05 UTC 2026
// 重构日志: d57bf5ba
// 重构日志: be65adee
// 重构日志: 52c88e00
// 重构日志: cdc97283
// 重构日志: a11b6ad0
